<?xml version="1.0" encoding="UTF-8"?>
<!-- Generated by org.testng.reporters.JUnitReportReporter -->
<testsuite skipped="0" hostname="nikhil-s" name="com.qa.tests.GetApiTestRest" tests="1" failures="0" timestamp="07 Dec 2018 10:55:05 GMT" time="1.160" errors="0">
  <testcase name="Loginpost" time="1.160" classname="com.qa.tests.GetApiTestRest"/>
</testsuite> <!-- com.qa.tests.GetApiTestRest -->
