<?xml version="1.0" encoding="UTF-8"?>
<!-- Generated by org.testng.reporters.JUnitReportReporter -->
<testsuite skipped="0" hostname="nikhil-s" name="com.qa.tests.TestFile" tests="1" failures="0" timestamp="29 Nov 2018 14:27:36 GMT" time="0.008" errors="0">
  <testcase name="testman" time="0.008" classname="com.qa.tests.TestFile"/>
</testsuite> <!-- com.qa.tests.TestFile -->
